Processed 37 of 37 matching files with 0 errors
╔══════════════════════════════════════╤═══════╗
║ Codemod name                         │ Count ║
╟──────────────────────────────────────┼───────╢
║ vue-set                              │ 0     ║
╟──────────────────────────────────────┼───────╢
║ vue-delete                           │ 0     ║
╟──────────────────────────────────────┼───────╢
║ vue-contextual-h                     │ 0     ║
╟──────────────────────────────────────┼───────╢
║ vue-defineComponent                  │ 32    ║
╟──────────────────────────────────────┼───────╢
║ vue-v-on-native                      │ 0     ║
╟──────────────────────────────────────┼───────╢
║ vue-hook-events                      │ 0     ║
╟──────────────────────────────────────┼───────╢
║ vue-v-bind-sync                      │ 0     ║
╟──────────────────────────────────────┼───────╢
║ vue-scoped-slots                     │ 0     ║
╟──────────────────────────────────────┼───────╢
║ vue-nextTick                         │ 1     ║
╟──────────────────────────────────────┼───────╢
║ vue-lifecycle-hooks                  │ 0     ║
╟──────────────────────────────────────┼───────╢
║ vue-data-function                    │ 0     ║
╟──────────────────────────────────────┼───────╢
║ vue-functional-component             │ 0     ║
╟──────────────────────────────────────┼───────╢
║ vue-remove-$listeners                │ 0     ║
╟──────────────────────────────────────┼───────╢
║ vue-v-model                          │ 117   ║
╟──────────────────────────────────────┼───────╢
║ vue-v-deep                           │ 0     ║
╟──────────────────────────────────────┼───────╢
║ vue-array-watch                      │ 0     ║
╟──────────────────────────────────────┼───────╢
║ vue-emits-sfc                        │ 14    ║
╟──────────────────────────────────────┼───────╢
║ vue-emits-non-sfc                    │ 0     ║
╟──────────────────────────────────────┼───────╢
║ vue-transition-group-root-element    │ 0     ║
╟──────────────────────────────────────┼───────╢
║ vue-transition-props                 │ 0     ║
╟──────────────────────────────────────┼───────╢
║ vuex-instantiation                   │ 0     ║
╟──────────────────────────────────────┼───────╢
║ test-utils-wrapper-destroy           │ 0     ║
╟──────────────────────────────────────┼───────╢
║ test-utils-propsData                 │ 0     ║
╟──────────────────────────────────────┼───────╢
║ test-utils-scoped-slots-mount-option │ 0     ║
╟──────────────────────────────────────┼───────╢
║ test-utils-global-mount-options      │ 0     ║
╟──────────────────────────────────────┼───────╢
║ vue-router-instantiation             │ 0     ║
╟──────────────────────────────────────┼───────╢
║ vue-router-onReady                   │ 0     ║
╟──────────────────────────────────────┼───────╢
║ vue-router-getMatchedComponents      │ 0     ║
╟──────────────────────────────────────┼───────╢
║ vue-router-view-slot-content         │ 0     ║
╚══════════════════════════════════════╧═══════╝

